<?xml version="1.0" encoding="UTF-8"?>
<!-- Generated by org.testng.reporters.JUnitReportReporter -->
<testsuite hostname="C02QM2W0FVH8" name="runner.TestRunner" tests="1" failures="0" timestamp="14 Apr 2019 03:00:15 GMT" time="35.070" errors="0">
  <testcase name="feature" time="35.070" classname="runner.TestRunner"/>
</testsuite> <!-- runner.TestRunner -->
